<?xml version="1.0" encoding="UTF-8"?>
<!-- Generated by org.testng.reporters.JUnitReportReporter -->
<testsuite hostname="Aiman" failures="0" tests="2" name="TestNg2.Testng" time="6.255" errors="0" timestamp="19 Aug 2020 17:40:25 GMT" skipped="0">
  <testcase classname="TestNg2.Testng" name="drespage" time="4.273"/>
  <testcase classname="TestNg2.Testng" name="signInbttn" time="1.982"/>
</testsuite> <!-- TestNg2.Testng -->
